SF:lib\domain\usecase\get_popular_tv_show.dart
DA:7,1
DA:9,1
DA:10,2
LF:3
LH:3
end_of_record
SF:lib\domain\usecase\get_top_rated_tv_show.dart
DA:7,1
DA:9,1
DA:10,2
LF:3
LH:3
end_of_record
SF:lib\domain\usecase\get_tv_on_the_air.dart
DA:7,1
DA:9,1
DA:10,2
LF:3
LH:3
end_of_record
SF:lib\domain\usecase\get_tv_recommendations.dart
DA:7,1
DA:9,1
DA:10,2
LF:3
LH:3
end_of_record
SF:lib\domain\usecase\get_tv_show_detail.dart
DA:7,1
DA:9,1
DA:10,2
LF:3
LH:3
end_of_record
SF:lib\presentation\bloc\tv_detail\tv_detail_event.dart
DA:9,2
DA:11,1
DA:12,2
LF:3
LH:3
end_of_record
SF:lib\presentation\bloc\tv_detail\tv_detail_state.dart
DA:7,1
DA:8,1
DA:12,1
DA:13,1
DA:19,2
DA:21,1
DA:22,2
DA:28,2
DA:30,1
DA:31,2
LF:10
LH:10
end_of_record
SF:lib\presentation\bloc\tv_detail\tv_detail_bloc.dart
DA:15,1
DA:17,2
DA:18,2
DA:21,1
DA:25,1
DA:26,2
DA:28,3
DA:30,1
DA:31,1
DA:32,3
DA:34,1
DA:35,2
LF:12
LH:12
end_of_record
SF:lib\presentation\bloc\tv_on_the_air\tv_list_state.dart
DA:7,1
DA:8,1
DA:12,1
DA:13,1
DA:19,2
DA:21,1
DA:22,2
DA:28,2
DA:30,1
DA:31,2
LF:10
LH:10
end_of_record
SF:lib\presentation\bloc\tv_on_the_air\tv_list_bloc.dart
DA:15,3
DA:16,2
DA:19,1
DA:21,2
DA:23,3
DA:25,1
DA:26,1
DA:27,3
DA:29,1
DA:30,5
LF:10
LH:10
end_of_record
SF:lib\presentation\bloc\tv_on_the_air\tv_list_event.dart
DA:7,1
DA:8,1
LF:2
LH:2
end_of_record
SF:lib\presentation\bloc\tv_popular\tv_popular_bloc.dart
DA:15,1
DA:17,2
DA:18,2
DA:21,1
DA:25,2
DA:27,3
DA:29,1
DA:30,1
DA:31,3
DA:33,1
DA:34,5
LF:11
LH:11
end_of_record
SF:lib\presentation\bloc\tv_popular\tv_popular_state.dart
DA:7,1
DA:8,1
DA:12,1
DA:13,1
DA:19,3
DA:21,1
DA:22,2
DA:28,3
DA:30,1
DA:31,1
LF:10
LH:10
end_of_record
SF:lib\presentation\bloc\tv_popular\tv_popular_event.dart
DA:7,1
DA:8,1
LF:2
LH:2
end_of_record
SF:lib\presentation\bloc\tv_recommendation\tv_recommendation_state.dart
DA:7,1
DA:8,1
DA:12,1
DA:13,1
DA:19,1
DA:21,1
DA:22,2
DA:28,2
DA:30,1
DA:31,1
LF:10
LH:10
end_of_record
SF:lib\presentation\bloc\tv_recommendation\tv_recommendation_event.dart
DA:9,2
DA:11,1
DA:12,2
LF:3
LH:3
end_of_record
SF:lib\presentation\bloc\tv_recommendation\tv_recommendation_bloc.dart
DA:16,1
DA:17,2
DA:18,2
DA:21,1
DA:25,1
DA:26,2
DA:28,3
DA:30,1
DA:31,1
DA:32,3
DA:34,1
DA:35,1
DA:36,2
DA:37,2
LF:14
LH:14
end_of_record
SF:lib\presentation\bloc\tv_top_rated\tv_top_rated_event.dart
DA:7,1
DA:8,1
LF:2
LH:2
end_of_record
SF:lib\presentation\bloc\tv_top_rated\tv_top_rated_state.dart
DA:7,1
DA:8,1
DA:12,1
DA:13,1
DA:19,3
DA:21,1
DA:22,2
DA:28,3
DA:30,1
DA:31,1
LF:10
LH:10
end_of_record
SF:lib\presentation\bloc\tv_top_rated\tv_top_rated_bloc.dart
DA:15,1
DA:17,2
DA:18,2
DA:21,1
DA:25,2
DA:27,3
DA:29,1
DA:30,1
DA:31,3
DA:33,1
DA:34,5
LF:11
LH:11
end_of_record
SF:lib\presentation\page\home_tv.dart
DA:12,1
DA:13,1
DA:17,1
DA:19,1
DA:20,2
DA:21,4
DA:22,4
DA:23,4
DA:27,1
DA:29,1
DA:30,1
DA:31,1
DA:32,1
DA:40,1
DA:41,1
DA:42,1
DA:43,0
DA:44,0
DA:46,0
DA:50,1
DA:51,1
DA:52,1
DA:53,0
DA:54,0
DA:57,1
DA:58,1
DA:59,1
DA:60,0
DA:61,0
DA:64,1
DA:65,0
DA:66,0
DA:68,1
DA:69,1
DA:74,1
DA:75,1
DA:76,1
DA:77,1
DA:78,0
DA:79,0
DA:81,1
DA:85,1
DA:87,1
DA:88,1
DA:90,1
DA:91,1
DA:93,1
DA:95,1
DA:96,1
DA:97,1
DA:98,1
DA:99,1
DA:101,1
DA:102,1
DA:103,1
DA:105,1
DA:107,1
DA:108,1
DA:109,1
DA:110,2
DA:112,0
DA:113,0
DA:116,0
DA:121,1
DA:124,1
DA:125,1
DA:126,1
DA:127,1
DA:128,1
DA:132,1
DA:133,1
DA:135,1
DA:141,1
DA:143,0
DA:144,0
DA:146,1
DA:147,1
DA:148,1
DA:149,1
DA:150,1
DA:152,1
DA:153,1
DA:154,1
DA:156,1
DA:158,1
DA:159,1
DA:160,1
DA:161,2
DA:163,0
DA:164,0
DA:167,0
DA:172,1
DA:175,1
DA:176,1
DA:177,1
DA:178,1
DA:179,1
DA:183,1
DA:184,1
DA:186,1
DA:192,1
DA:194,0
DA:195,0
DA:197,1
DA:198,1
DA:199,1
DA:200,1
DA:201,1
DA:203,1
DA:204,1
DA:205,1
DA:207,1
DA:209,1
DA:210,1
DA:211,1
DA:212,2
DA:214,0
DA:215,0
DA:218,0
DA:223,1
DA:226,1
DA:227,1
DA:228,1
DA:229,1
DA:230,1
DA:234,1
DA:235,1
DA:237,1
DA:250,1
DA:251,1
DA:253,1
DA:254,1
DA:256,1
DA:258,1
DA:260,1
DA:262,1
DA:263,3
DA:276,2
DA:280,2
DA:282,2
DA:284,2
DA:286,2
DA:287,2
DA:288,2
DA:289,4
DA:290,2
DA:291,6
DA:292,4
DA:293,2
DA:295,0
LF:150
LH:125
end_of_record
SF:lib\presentation\page\popular_tv_page.dart
DA:9,1
DA:10,1
DA:14,1
DA:16,1
DA:17,1
DA:18,5
DA:22,1
DA:24,1
DA:25,1
DA:26,1
DA:28,1
DA:30,1
DA:31,1
DA:32,1
DA:33,1
DA:34,1
DA:35,1
DA:37,1
DA:38,1
DA:39,1
DA:40,2
DA:41,1
DA:42,2
DA:45,1
DA:46,1
DA:49,1
DA:54,2
DA:56,1
DA:57,1
DA:58,1
DA:59,1
DA:60,1
DA:64,1
DA:65,1
DA:67,1
LF:35
LH:35
end_of_record
SF:lib\presentation\page\top_rated_tv_page.dart
DA:9,1
DA:10,1
DA:14,1
DA:16,1
DA:17,1
DA:18,5
DA:22,1
DA:24,1
DA:25,1
DA:26,1
DA:28,1
DA:30,1
DA:31,1
DA:32,1
DA:33,1
DA:34,1
DA:35,1
DA:37,1
DA:38,1
DA:39,1
DA:40,2
DA:41,1
DA:42,2
DA:45,1
DA:46,1
DA:49,1
DA:54,2
DA:56,1
DA:57,1
DA:58,1
DA:59,1
DA:60,1
DA:64,1
DA:65,1
DA:67,1
LF:35
LH:35
end_of_record
SF:lib\presentation\page\tv_detail_page.dart
DA:13,1
DA:15,1
DA:16,1
DA:20,1
DA:22,1
DA:23,2
DA:24,6
DA:25,1
DA:26,1
DA:27,4
DA:28,6
DA:32,1
DA:34,2
DA:35,2
DA:36,2
DA:38,1
DA:39,1
DA:40,1
DA:41,1
DA:42,1
DA:43,1
DA:45,1
DA:46,1
DA:47,1
DA:48,1
DA:53,1
DA:54,1
DA:55,1
DA:56,1
DA:57,1
DA:61,1
DA:62,1
DA:64,1
DA:78,1
DA:82,1
DA:84,1
DA:85,1
DA:91,1
DA:93,3
DA:94,1
DA:95,1
DA:96,1
DA:97,4
DA:99,2
DA:100,1
DA:102,0
DA:104,1
DA:106,1
DA:107,1
DA:108,1
DA:109,1
DA:111,2
DA:118,1
DA:119,1
DA:120,1
DA:122,1
DA:124,1
DA:126,1
DA:127,1
DA:128,3
DA:129,1
DA:131,1
DA:132,1
DA:133,2
DA:135,1
DA:136,4
DA:139,1
DA:140,4
DA:143,1
DA:144,1
DA:145,2
DA:146,1
DA:147,2
DA:149,1
DA:150,1
DA:151,0
DA:152,0
DA:153,0
DA:155,2
DA:156,2
DA:157,2
DA:158,2
DA:160,0
DA:162,0
DA:163,0
DA:164,0
DA:169,2
DA:170,2
DA:171,2
DA:174,1
DA:176,1
DA:177,2
DA:178,1
DA:179,1
DA:180,1
DA:184,1
DA:185,4
DA:187,1
DA:188,1
DA:189,3
DA:190,1
DA:191,0
DA:192,5
DA:195,1
DA:196,1
DA:197,1
DA:198,5
DA:199,1
DA:200,5
DA:203,1
DA:204,1
DA:205,1
DA:206,4
DA:208,2
DA:214,5
DA:217,1
DA:218,1
DA:220,1
DA:222,1
DA:223,3
DA:225,1
DA:226,1
DA:228,1
DA:230,1
DA:232,1
DA:234,0
DA:235,0
DA:236,0
DA:237,0
DA:239,0
DA:240,0
DA:242,4
DA:245,1
DA:246,1
DA:248,1
DA:249,1
DA:250,1
DA:251,1
DA:253,1
DA:256,0
DA:259,1
DA:261,1
DA:262,1
DA:263,0
DA:264,0
DA:266,1
DA:267,1
DA:268,1
DA:270,1
DA:272,1
DA:273,1
DA:274,1
DA:275,2
DA:277,1
DA:278,1
DA:281,1
DA:286,1
DA:289,0
DA:290,0
DA:291,0
DA:292,0
DA:293,0
DA:297,0
DA:298,0
DA:303,1
DA:308,1
DA:310,1
DA:323,1
DA:325,1
DA:328,1
DA:329,1
DA:330,1
DA:331,1
DA:340,1
DA:342,1
DA:343,0
DA:346,1
DA:350,0
DA:359,0
DA:364,0
DA:366,0
DA:368,0
DA:370,0
DA:371,0
DA:372,0
DA:373,0
DA:374,0
DA:375,0
DA:376,0
DA:377,0
DA:378,0
DA:379,0
DA:381,0
LF:193
LH:151
end_of_record
